#-----------------------------------------------------------
# Vivado v2019.1 (64-bit)
# SW Build 2552052 on Fri May 24 14:49:42 MDT 2019
# IP Build 2548770 on Fri May 24 18:01:18 MDT 2019
# Start of session at: Thu Oct  3 15:51:25 2019
# Process ID: 764
# Current directory: C:/Users/Malav/Documents/EE316Lab/LabWork/Lab_3
# Command line: vivado.exe -gui_launcher_event rodinguilauncherevent4864 C:\Users\Malav\Documents\EE316Lab\LabWork\Lab_3\Lab_3.xpr
# Log file: C:/Users/Malav/Documents/EE316Lab/LabWork/Lab_3/vivado.log
# Journal file: C:/Users/Malav/Documents/EE316Lab/LabWork/Lab_3\vivado.jou
#-----------------------------------------------------------
start_gui
open_project C:/Users/Malav/Documents/EE316Lab/LabWork/Lab_3/Lab_3.xpr
Scanning sources...
Finished scanning sources
INFO: [IP_Flow 19-234] Refreshing IP repositories
INFO: [IP_Flow 19-1704] No user IP repositories specified
INFO: [IP_Flow 19-2313] Loaded Vivado IP repository 'C:/Xilinx/Vivado/2019.1/data/ip'.
open_project: Time (s): cpu = 00:01:03 ; elapsed = 00:00:28 . Memory (MB): peak = 724.762 ; gain = 130.461
reset_run synth_1
launch_runs synth_1 -jobs 2
[Thu Oct  3 15:54:51 2019] Launched synth_1...
Run output will be captured here: C:/Users/Malav/Documents/EE316Lab/LabWork/Lab_3/Lab_3.runs/synth_1/runme.log
launch_runs impl_1 -jobs 2
[Thu Oct  3 15:57:12 2019] Launched impl_1...
Run output will be captured here: C:/Users/Malav/Documents/EE316Lab/LabWork/Lab_3/Lab_3.runs/impl_1/runme.log
