#-----------------------------------------------------------
# Vivado v2019.1 (64-bit)
# SW Build 2552052 on Fri May 24 14:49:42 MDT 2019
# IP Build 2548770 on Fri May 24 18:01:18 MDT 2019
# Start of session at: Thu Oct  3 13:25:13 2019
# Process ID: 2908
# Current directory: C:/Users/Malav/Documents/EE316Lab/LabWork/Lab_3
# Command line: vivado.exe -gui_launcher_event rodinguilauncherevent3296 C:\Users\Malav\Documents\EE316Lab\LabWork\Lab_3\Lab_3.xpr
# Log file: C:/Users/Malav/Documents/EE316Lab/LabWork/Lab_3/vivado.log
# Journal file: C:/Users/Malav/Documents/EE316Lab/LabWork/Lab_3\vivado.jou
#-----------------------------------------------------------
start_gui
open_project C:/Users/Malav/Documents/EE316Lab/LabWork/Lab_3/Lab_3.xpr
Scanning sources...
Finished scanning sources
INFO: [IP_Flow 19-234] Refreshing IP repositories
INFO: [IP_Flow 19-1704] No user IP repositories specified
INFO: [IP_Flow 19-2313] Loaded Vivado IP repository 'C:/Xilinx/Vivado/2019.1/data/ip'.
open_project: Time (s): cpu = 00:00:51 ; elapsed = 00:00:19 . Memory (MB): peak = 681.656 ; gain = 86.355
reset_run synth_1
launch_runs synth_1 -jobs 2
[Thu Oct  3 13:29:27 2019] Launched synth_1...
Run output will be captured here: C:/Users/Malav/Documents/EE316Lab/LabWork/Lab_3/Lab_3.runs/synth_1/runme.log
reset_run synth_1
launch_runs synth_1 -jobs 2
[Thu Oct  3 13:47:43 2019] Launched synth_1...
Run output will be captured here: C:/Users/Malav/Documents/EE316Lab/LabWork/Lab_3/Lab_3.runs/synth_1/runme.log
launch_runs impl_1 -jobs 2
[Thu Oct  3 13:49:58 2019] Launched impl_1...
Run output will be captured here: C:/Users/Malav/Documents/EE316Lab/LabWork/Lab_3/Lab_3.runs/impl_1/runme.log
launch_runs impl_1 -to_step write_bitstream -jobs 2
[Thu Oct  3 13:54:29 2019] Launched impl_1...
Run output will be captured here: C:/Users/Malav/Documents/EE316Lab/LabWork/Lab_3/Lab_3.runs/impl_1/runme.log
reset_run synth_1
launch_runs synth_1 -jobs 2
[Thu Oct  3 13:59:04 2019] Launched synth_1...
Run output will be captured here: C:/Users/Malav/Documents/EE316Lab/LabWork/Lab_3/Lab_3.runs/synth_1/runme.log
launch_runs impl_1 -jobs 2
[Thu Oct  3 14:01:38 2019] Launched impl_1...
Run output will be captured here: C:/Users/Malav/Documents/EE316Lab/LabWork/Lab_3/Lab_3.runs/impl_1/runme.log
launch_runs impl_1 -to_step write_bitstream -jobs 2
[Thu Oct  3 14:05:27 2019] Launched impl_1...
Run output will be captured here: C:/Users/Malav/Documents/EE316Lab/LabWork/Lab_3/Lab_3.runs/impl_1/runme.log
